1559035699333	mozrunner::runner	INFO	Running command: "/Applications/Firefox.app/Contents/MacOS/firefox-bin" "-marionette" "-foreground" "-no-remote" "-profile" "/var/folders/mc/8cprv2kd7cx2qt6whrfy1rm80000gn/T/rust_mozprofile.1PQpsPPuBdZH"
1559035700098	addons.webextension.screenshots@mozilla.org	WARN	Loading extension 'screenshots@mozilla.org': Reading manifest: Invalid extension permission: mozillaAddons
1559035700099	addons.webextension.screenshots@mozilla.org	WARN	Loading extension 'screenshots@mozilla.org': Reading manifest: Invalid extension permission: resource://pdf.js/
1559035700099	addons.webextension.screenshots@mozilla.org	WARN	Loading extension 'screenshots@mozilla.org': Reading manifest: Invalid extension permission: about:reader*
1559035701901	Marionette	INFO	Listening on port 50280
1559035701935	Marionette	WARN	TLS certificate errors will be ignored for this session
console.error: BroadcastService: 
  receivedBroadcastMessage: handler for
  remote-settings/monitor_changes
  threw error:
  Message: Error: Polling for changes failed: http://%(server)s/dummy/blocklist//buckets/monitor/collections/changes/records?_expected=%221558976967835%22 is not a valid URL..
  Stack:
    remoteSettingsFunction/remoteSettings.pollChanges@resource://services-settings/remote-settings.js:203:13

[Parent 812, Gecko_IOThread] WARNING: pipe error: Broken pipe: file /builds/worker/workspace/build/src/ipc/chromium/src/chrome/common/ipc_channel_posix.cc, line 726
1559035939036	Marionette	INFO	Stopped listening on port 50280
1559038697796	mozrunner::runner	INFO	Running command: "/Applications/Firefox.app/Contents/MacOS/firefox-bin" "-marionette" "-foreground" "-no-remote" "-profile" "/var/folders/mc/8cprv2kd7cx2qt6whrfy1rm80000gn/T/rust_mozprofile.Qf8812nDN7Jt"
1559038698364	addons.webextension.screenshots@mozilla.org	WARN	Loading extension 'screenshots@mozilla.org': Reading manifest: Invalid extension permission: mozillaAddons
1559038698364	addons.webextension.screenshots@mozilla.org	WARN	Loading extension 'screenshots@mozilla.org': Reading manifest: Invalid extension permission: resource://pdf.js/
1559038698364	addons.webextension.screenshots@mozilla.org	WARN	Loading extension 'screenshots@mozilla.org': Reading manifest: Invalid extension permission: about:reader*
1559038700230	Marionette	INFO	Listening on port 50793
1559038700269	Marionette	WARN	TLS certificate errors will be ignored for this session
console.error: BroadcastService: 
  receivedBroadcastMessage: handler for
  remote-settings/monitor_changes
  threw error:
  Message: Error: Polling for changes failed: http://%(server)s/dummy/blocklist//buckets/monitor/collections/changes/records?_expected=%221558976967835%22 is not a valid URL..
  Stack:
    remoteSettingsFunction/remoteSettings.pollChanges@resource://services-settings/remote-settings.js:203:13

[Parent 900, Gecko_IOThread] WARNING: pipe error: Broken pipe: file /builds/worker/workspace/build/src/ipc/chromium/src/chrome/common/ipc_channel_posix.cc, line 726
1559038878042	Marionette	INFO	Stopped listening on port 50793
1559058068816	mozrunner::runner	INFO	Running command: "/Applications/Firefox.app/Contents/MacOS/firefox-bin" "-marionette" "-foreground" "-no-remote" "-profile" "/var/folders/mc/8cprv2kd7cx2qt6whrfy1rm80000gn/T/rust_mozprofile.MRXg1LAmMZKM"
1559058069597	addons.webextension.screenshots@mozilla.org	WARN	Loading extension 'screenshots@mozilla.org': Reading manifest: Invalid extension permission: mozillaAddons
1559058069597	addons.webextension.screenshots@mozilla.org	WARN	Loading extension 'screenshots@mozilla.org': Reading manifest: Invalid extension permission: resource://pdf.js/
1559058069597	addons.webextension.screenshots@mozilla.org	WARN	Loading extension 'screenshots@mozilla.org': Reading manifest: Invalid extension permission: about:reader*
1559058071845	Marionette	INFO	Listening on port 57998
1559058071955	Marionette	WARN	TLS certificate errors will be ignored for this session
1559058078929	Marionette	INFO	Stopped listening on port 57998
1559058106863	mozrunner::runner	INFO	Running command: "/Applications/Firefox.app/Contents/MacOS/firefox-bin" "-marionette" "-foreground" "-no-remote" "-profile" "/var/folders/mc/8cprv2kd7cx2qt6whrfy1rm80000gn/T/rust_mozprofile.lGNZdop225Lh"
1559058107435	addons.webextension.screenshots@mozilla.org	WARN	Loading extension 'screenshots@mozilla.org': Reading manifest: Invalid extension permission: mozillaAddons
1559058107435	addons.webextension.screenshots@mozilla.org	WARN	Loading extension 'screenshots@mozilla.org': Reading manifest: Invalid extension permission: resource://pdf.js/
1559058107435	addons.webextension.screenshots@mozilla.org	WARN	Loading extension 'screenshots@mozilla.org': Reading manifest: Invalid extension permission: about:reader*
1559058109342	Marionette	INFO	Listening on port 58249
1559058109359	Marionette	WARN	TLS certificate errors will be ignored for this session
1559058118983	Marionette	INFO	Stopped listening on port 58249
[Parent 1124, Gecko_IOThread] WARNING: pipe error: Broken pipe: file /builds/worker/workspace/build/src/ipc/chromium/src/chrome/common/ipc_channel_posix.cc, line 726
1559058124373	mozrunner::runner	INFO	Running command: "/Applications/Firefox.app/Contents/MacOS/firefox-bin" "-marionette" "-foreground" "-no-remote" "-profile" "/var/folders/mc/8cprv2kd7cx2qt6whrfy1rm80000gn/T/rust_mozprofile.sdyDe0kqqBqH"
1559058124942	addons.webextension.screenshots@mozilla.org	WARN	Loading extension 'screenshots@mozilla.org': Reading manifest: Invalid extension permission: mozillaAddons
1559058124942	addons.webextension.screenshots@mozilla.org	WARN	Loading extension 'screenshots@mozilla.org': Reading manifest: Invalid extension permission: resource://pdf.js/
1559058124942	addons.webextension.screenshots@mozilla.org	WARN	Loading extension 'screenshots@mozilla.org': Reading manifest: Invalid extension permission: about:reader*
1559058126772	Marionette	INFO	Listening on port 58410
1559058126864	Marionette	WARN	TLS certificate errors will be ignored for this session
1559058135872	Marionette	INFO	Stopped listening on port 58410
[Parent 1135, Gecko_IOThread] WARNING: pipe error: Broken pipe: file /builds/worker/workspace/build/src/ipc/chromium/src/chrome/common/ipc_channel_posix.cc, line 726
[Parent 1135, Gecko_IOThread] WARNING: pipe error: Broken pipe: file /builds/worker/workspace/build/src/ipc/chromium/src/chrome/common/ipc_channel_posix.cc, line 726
1559058145350	mozrunner::runner	INFO	Running command: "/Applications/Firefox.app/Contents/MacOS/firefox-bin" "-marionette" "-foreground" "-no-remote" "-profile" "/var/folders/mc/8cprv2kd7cx2qt6whrfy1rm80000gn/T/rust_mozprofile.DoEv73P9848E"
1559058145870	addons.webextension.screenshots@mozilla.org	WARN	Loading extension 'screenshots@mozilla.org': Reading manifest: Invalid extension permission: mozillaAddons
1559058145871	addons.webextension.screenshots@mozilla.org	WARN	Loading extension 'screenshots@mozilla.org': Reading manifest: Invalid extension permission: resource://pdf.js/
1559058145871	addons.webextension.screenshots@mozilla.org	WARN	Loading extension 'screenshots@mozilla.org': Reading manifest: Invalid extension permission: about:reader*
1559058147777	Marionette	INFO	Listening on port 58590
1559058147852	Marionette	WARN	TLS certificate errors will be ignored for this session
console.error: BroadcastService: 
  receivedBroadcastMessage: handler for
  remote-settings/monitor_changes
  threw error:
  Message: Error: Polling for changes failed: http://%(server)s/dummy/blocklist//buckets/monitor/collections/changes/records?_expected=%221559046242210%22 is not a valid URL..
  Stack:
    remoteSettingsFunction/remoteSettings.pollChanges@resource://services-settings/remote-settings.js:203:13

1559058484693	Marionette	INFO	Stopped listening on port 58590
1559058678183	mozrunner::runner	INFO	Running command: "/Applications/Firefox.app/Contents/MacOS/firefox-bin" "-marionette" "-foreground" "-no-remote" "-profile" "/var/folders/mc/8cprv2kd7cx2qt6whrfy1rm80000gn/T/rust_mozprofile.eXAZChQRpDEy"
1559058678763	addons.webextension.screenshots@mozilla.org	WARN	Loading extension 'screenshots@mozilla.org': Reading manifest: Invalid extension permission: mozillaAddons
1559058678763	addons.webextension.screenshots@mozilla.org	WARN	Loading extension 'screenshots@mozilla.org': Reading manifest: Invalid extension permission: resource://pdf.js/
1559058678763	addons.webextension.screenshots@mozilla.org	WARN	Loading extension 'screenshots@mozilla.org': Reading manifest: Invalid extension permission: about:reader*
1559058680594	Marionette	INFO	Listening on port 61061
1559058680656	Marionette	WARN	TLS certificate errors will be ignored for this session
[Parent 1191, Gecko_IOThread] WARNING: pipe error: Broken pipe: file /builds/worker/workspace/build/src/ipc/chromium/src/chrome/common/ipc_channel_posix.cc, line 726
1559058797352	mozrunner::runner	INFO	Running command: "/Applications/Firefox.app/Contents/MacOS/firefox-bin" "-marionette" "-foreground" "-no-remote" "-profile" "/var/folders/mc/8cprv2kd7cx2qt6whrfy1rm80000gn/T/rust_mozprofile.Ecu0SdHyt5bZ"
1559058797910	addons.webextension.screenshots@mozilla.org	WARN	Loading extension 'screenshots@mozilla.org': Reading manifest: Invalid extension permission: mozillaAddons
1559058797911	addons.webextension.screenshots@mozilla.org	WARN	Loading extension 'screenshots@mozilla.org': Reading manifest: Invalid extension permission: resource://pdf.js/
1559058797911	addons.webextension.screenshots@mozilla.org	WARN	Loading extension 'screenshots@mozilla.org': Reading manifest: Invalid extension permission: about:reader*
1559058799967	Marionette	INFO	Listening on port 61676
1559058800060	Marionette	WARN	TLS certificate errors will be ignored for this session
1559058802813	Marionette	INFO	Stopped listening on port 61061
[Parent 1202, Gecko_IOThread] WARNING: pipe error: Broken pipe: file /builds/worker/workspace/build/src/ipc/chromium/src/chrome/common/ipc_channel_posix.cc, line 726
1559058885548	Marionette	INFO	Stopped listening on port 61676
1561947192547	mozrunner::runner	INFO	Running command: "E:\\Program Files (x86)\\Mozilla Firefox\\firefox.exe" "-marionette" "-foreground" "-no-remote" "-profile" "C:\\Users\\zb\\AppData\\Local\\Temp\\rust_mozprofile.i57IpMibB2W6"
1561947196206	addons.webextension.screenshots@mozilla.org	WARN	Loading extension 'screenshots@mozilla.org': Reading manifest: Invalid extension permission: mozillaAddons
1561947196206	addons.webextension.screenshots@mozilla.org	WARN	Loading extension 'screenshots@mozilla.org': Reading manifest: Invalid extension permission: resource://pdf.js/
1561947196206	addons.webextension.screenshots@mozilla.org	WARN	Loading extension 'screenshots@mozilla.org': Reading manifest: Invalid extension permission: about:reader*
[Child 9656, Chrome_ChildThread] WARNING: pipe error: 109: file z:/task_1560988636/build/src/ipc/chromium/src/chrome/common/ipc_channel_win.cc, line 341

###!!! [Child][RunMessage] Error: Channel closing: too late to send/recv, messages will be lost

[Child 8528, Chrome_ChildThread] WARNING: pipe error: 109: file z:/task_1560988636/build/src/ipc/chromium/src/chrome/common/ipc_channel_win.cc, line 341
[Child 8528, Chro1562146909514	mozrunner::runner	INFO	Running command: "E:\\Program Files (x86)\\Mozilla Firefox\\firefox.exe" "-marionette" "-foreground" "-no-remote" "-profile" "C:\\Users\\zb\\AppData\\Local\\Temp\\rust_mozprofile.ioJ10AdvWpL0"
1562146913455	addons.webextension.screenshots@mozilla.org	WARN	Loading extension 'screenshots@mozilla.org': Reading manifest: Invalid extension permission: mozillaAddons
1562146913456	addons.webextension.screenshots@mozilla.org	WARN	Loading extension 'screenshots@mozilla.org': Reading manifest: Invalid extension permission: resource://pdf.js/
1562146913456	addons.webextension.screenshots@mozilla.org	WARN	Loading extension 'screenshots@mozilla.org': Reading manifest: Invalid extension permission: about:reader*
1562146930506	Marionette	INFO	Listening on port 54249
[Child 8312, Chrome_ChildThread] WARNING: pipe error: 109: file z:/task_1560988636/build/src/ipc/chromium/src/chrome/common/ipc_channel_win.cc, line 341
[Child 8312, Chrome_ChildThread] WARNING: pipe error: 109: file z:/task_1560988636/build/src/ipc/chromium/src/chrome/common/ipc_channel_win.cc, line 341
1562146931055	Marionette	WARN	TLS certificate errors will be ignored for this session
JavaScript error: https://g.alicdn.com/??nextbox/ace-homepage-footer-list/0.0.34/index.js,nextbox/ace-homepage-footer-list/0.0.34/services.js,nextbox/ace-common-search/0.0.37/index.js,nextbox/ace-common-search/0.0.37/services.js, line 1: TypeError: d is undefined
JavaScript error: https://account.aliyun.com/login/login.htm?oauth_callback=https%3A%2F%2Fcloudmonitor.console.aliyun.com%2F, line 126: TypeError: window.$ACE_PARSER is undefined
JavaScript error: https://account-cn.alibabacloud.com/ping_servlet?callback=jQuery19003457181880553126_1562146934628&_=1562146934629, line 1: TypeError: jQuery19003457181880553126_1562146934628 is not a function
WebGL(00000000199C7000)::ForceLoseContext
WebGL(0000000019A96800)::ForceLoseContext
WebGL(0000000019A99800)::ForceLoseContext
[Parent 13772, Gecko_IOThread] WARNING: pipe error: 109: file z:/task_1560988636/build/src/ipc/chromium/src/chrome/common/ipc_channel_win.cc, line 341
[Parent 13772, Gecko_IOThread] WARNING: pipe error: 109: file z:/task_1560988636/build/src/ipc/chromium/src/chrome/common/ipc_channel_win.cc, line 341
[Parent 13772, Gecko_IOThread] WARNING: pipe error: 109: file z:/task_1560988636/build/src/ipc/chromium/src/chrome/common/ipc_channel_win.cc, line 341
console.error: BroadcastService: 
  receivedBroadcastMessage: handler for
  remote-settings/monitor_changes
  threw error:
  Message: Error: Polling for changes failed: http://%(server)s/dummy/blocklist//buckets/monitor/collections/changes/records?_expected=%221562112009804%22 is not a valid URL..
  Stack:
    remoteSettingsFunction/remoteSettings.pollChanges@resource://services-settings/remote-settings.js:203:13

[Child 12580, Chrome_ChildThread] WARNING: pipe error: 109: file z:/task_1560988636/build/src/ipc/chromium/src/chrome/common/ipc_channel_win.cc, line 341
[Child 10412, Chrome_ChildThread] WARNING: pipe error: 109: file z:/task_1560988636/build/src/ipc/chromium/src/chrome/common/ipc_channel_win.cc, line 341
[Par[Childent 13772, Gecko_IOThread] WARNING: pipe error: 109: file z:/task_1560988636/build/src/ipc/chromium/src/chrome/common/ipc_channel_win.cc, line 341
[Child 13536, Chrome_ChildThread] WARNING: pipe error: 109: file z:/task_1560988636/build/src/ipc/chromium/src/chrome/common/ipc_channel_win.cc, line 341
[Child 13536, Chrome_ChildThread] WARNING: pipe error: 109: file z:/task_15601562148117405	Marionette	INFO	Stopped listening on port 54249

###!!! [Child][RunMessage] Error: Channel closing: too late to send/recv, messages will be lost

[GPU 7552, C1562220943437	mozrunner::runner	INFO	Running command: "E:\\Program Files (x86)\\Mozilla Firefox\\firefox.exe" "-marionette" "-foreground" "-no-remote" "-profile" "C:\\Users\\zb\\AppData\\Local\\Temp\\rust_mozprofile.hMyeWTUfFcCf"
1562220944042	addons.webextension.screenshots@mozilla.org	WARN	Loading extension 'screenshots@mozilla.org': Reading manifest: Invalid extension permission: mozillaAddons
1562220944042	addons.webextension.screenshots@mozilla.org	WARN	Loading extension 'screenshots@mozilla.org': Reading manifest: Invalid extension permission: resource://pdf.js/
1562220944043	addons.webextension.screenshots@mozilla.org	WARN	Loading extension 'screenshots@mozilla.org': Reading manifest: Invalid extension permission: about:reader*
1562220946290	Marionette	INFO	Listening on port 59756
1562220946781	Marionette	WARN	TLS certificate errors will be ignored for this session
WebGL(0000000011676000)::ForceLoseContext
WebGL(000000001BB46800)::ForceLoseContext
WebGL(0000000017107800)::ForceLoseContext
WebGL(0000000017112000)::ForceLoseContext
[Parent 10664, Gecko_IOThread] WARNING: pipe error: 109: file z:/task_1560988636/build/src/ipc/chromium/src/chrome/common/ipc_channel_win.cc, line 341
WebGL(000000000C80F000)::ForceLoseContext
[Parent 10664, Gecko_IOThread] WARNING: pipe error: 109: file z:/task_1560988636/build/src/ipc/chromium/src/chrome/common/ipc_channel_win.cc, line 341
WebGL(00000000161D2800)::ForceLoseContext
console.error: BroadcastService: 
  receivedBroadcastMessage: handler for
  remote-settings/monitor_changes
  threw error:
  Message: Error: Polling for changes failed: http://%(server)s/dummy/blocklist//buckets/monitor/collections/changes/records?_expected=%221562202850012%22 is not a valid URL..
  Stack:
    remoteSettingsFunction/remoteSettings.pollChanges@resource://services-settings/remote-settings.js:203:13

[Parent 10664, Gecko_IOThread] WARNING: pipe error: 109: file z:/task_1560988636/build/src/ipc/chromium/src/chrome/common/ipc_channel_win.cc, line 341
1562220995974	Marionette	INFO	Stopped listening on port 59756
[Child 9144, Chrome_ChildThread] WARNING: pipe error: 109: file z:/task_1560988636/build/src/ipc/chromium/src/chrome/common/ipc_channel_win.cc, line 341
[Parent 10664, Gecko_IOThread] WARNING: pipe error: 109: file z:/task_1560988636/build/src/ipc/chromium/src/chrome/common/ipc_channel_win.cc, line 341
[Parent 10664, Gecko_IOThread] WARNING: pipe error: 109: file z:/task_1560988636/build/src/ipc/chromium/src/chrome/common/ipc_channel_win.cc, line 341
[Child 3672, Chrome_ChildThread] WARNING: pipe error: 109: file z:/task_1560988636/build/src/ipc/chromium/src/chrome/common/ipc_channel_win.cc, line 341
[Child 3672, Chrome_ChildThread] WARNING: pipe error: 109: file z:/task_1560988636/build/src/ipc/chromium/src/chrome/com[Parent 10664, Gecko_IOThread] WARNING: pipe error: 109: file z:/task_1560988636/build/src/ipc/chromium/src/chrome/common/ipc_channel_win.cc, line 341
[Child 9744, Chrome_ChildThread] WARNING: pipe error: 109: file z:/task_1560988636/build/src/ipc/chromium/src/chrome/common/ipc_channel_win.cc, line 341
[Child 9744, Chro
###!!! [Child][RunMessage] Error: Channel closing: too late to send/recv, messages will be lost

[GPU 99361562226988878	mozrunner::runner	INFO	Running command: "E:\\Program Files (x86)\\Mozilla Firefox\\firefox.exe" "-marionette" "-foreground" "-no-remote" "-profile" "C:\\Users\\zb\\AppData\\Local\\Temp\\rust_mozprofile.Ee2Xd1AOb1BV"
1562730043804	mozrunner::runner	INFO	Running command: "E:\\Program Files (x86)\\Mozilla Firefox\\firefox.exe" "-marionette" "-foreground" "-no-remote" "-profile" "C:\\Users\\zb\\AppData\\Local\\Temp\\rust_mozprofile.mJuYB5rEbfnQ"
1562730046681	addons.webextension.screenshots@mozilla.org	WARN	Loading extension 'screenshots@mozilla.org': Reading manifest: Invalid extension permission: mozillaAddons
1562730046681	addons.webextension.screenshots@mozilla.org	WARN	Loading extension 'screenshots@mozilla.org': Reading manifest: Invalid extension permission: resource://pdf.js/
1562730046681	addons.webextension.screenshots@mozilla.org	WARN	Loading extension 'screenshots@mozilla.org': Reading manifest: Invalid extension permission: about:reader*
1562730051336	Marionette	INFO	Listening on port 52638
1562730051592	Marionette	WARN	TLS certificate errors will be ignored for this session
WebGL(0000000012504800)::ForceLoseContext
WebGL(0000000019905000)::ForceLoseContext
WebGL(0000000002775800)::ForceLoseContext
WebGL(000000001CD43000)::ForceLoseContext
WebGL(000000001CD59800)::ForceLoseContext
WebGL(000000001CD5B800)::ForceLoseContext
[Parent 9160, Gecko_IOThread] WARNING: pipe error: 109: file z:/task_1560988636/build/src/ipc/chromium/src/chrome/common/ipc_channel_win.cc, line 341
WebGL(000000000CB10800)::ForceLoseContext
[Parent 9160, Gecko_IOThread] WARNING: pipe error: 109: file z:/task_1560988636/build/src/ipc/chromium/src/chrome/common/ipc_channel_win.cc, line 341
console.error: BroadcastService: 
  receivedBroadcastMessage: handler for
  remote-settings/monitor_changes
  threw error:
  Message: Error: Polling for changes failed: http://%(server)s/dummy/blocklist//buckets/monitor/collections/changes/records?_expected=%221562719311956%22 is not a valid URL..
  Stack:
    remoteSettingsFunction/remoteSettings.pollChanges@resource://services-settings/remote-settings.js:203:13

WebGL(000000001BC78000)::ForceLoseContext
WebGL(000000001CD42000)::ForceLoseContext
[Parent 9160, Gecko_IOThread] WARNING: pipe error: 109: file z:/task_1560988636/build/src/ipc/chromium/src/chrome/common/ipc_channel_win.cc, line 341
WebGL(000000001FAAD000)::ForceLoseContext
WebGL(000000001FDDD000)::ForceLoseContext
WebGL(000000002B2DB000)::ForceLoseContext
1562730099423	Marionette	INFO	Stopped listening on port 52638
[Child 8416, Chrome_ChildThread] WARNING: pipe error: 109: file z:/task_1560988636/build/src/ipc/chromium/src/chrome/common/ipc_channel_win.cc, line 341
[Child 8416, Chrome_ChildThread[Parent 9160, Gecko_IOThread] WARNING: pipe error: 109: file z:/task_1560988636/build/src/ipc/chromium/src/chrome/common/ipc_channel_win.cc, line 341
[Child 9512, Chrome_ChildThread] WARNING: pipe error: 109: file z:/task_1560988636/build/src/ipc/chromium/src/chrome/common/ipc_channel_win.cc, line 341
[Child 9512, Chrome_ChildThread] WARNING: pipe error: 109: file z:/task_1560988636/build/src/ipc/chromium/src/chrom
###!!! [Child][RunMessage] Error: Channel closing: too late to send/recv, messages will be lost

e/common/ipc_channel_win.cc
###!!! [Child][RunMessage] Error: Channel closing: too late to send/recv, messages will be lost

, l
###!!! [Child][RunMessage] Error: Channel closing: too late to send/recv, messages will be lost

ine 341
[Parent 9160, Gecko_IOThread] WARNING: pipe error: 109: file z:/task_1560988636/build/src/ipc/chromium/src/chrome/common/ipc_channel_win.cc, line 341
[Child 6092, Chrome_ChildThread] WARNING: pipe error: 109: file z:/task_1560988636/build/src/ipc/chromium/src/chrome/common/ipc_channel_win.cc, line 341
[GP
###!!! [Child][MessageChannel::SendAndWait] Error: Channel error: cannot send/recv

1564628835290	mozrunner::runner	INFO	Running command: "E:\\Program Files (x86)\\Mozilla Firefox\\firefox.exe" "-marionette" "-foreground" "-no-remote" "-profile" "C:\\Users\\zb\\AppData\\Local\\Temp\\rust_mozprofile.1iSUdgjYCG7t"
1564628837252	addons.webextension.screenshots@mozilla.org	WARN	Loading extension 'screenshots@mozilla.org': Reading manifest: Invalid extension permission: mozillaAddons
1564628837252	addons.webextension.screenshots@mozilla.org	WARN	Loading extension 'screenshots@mozilla.org': Reading manifest: Invalid extension permission: telemetry
1564628837252	addons.webextension.screenshots@mozilla.org	WARN	Loading extension 'screenshots@mozilla.org': Reading manifest: Invalid extension permission: resource://pdf.js/
1564628837253	addons.webextension.screenshots@mozilla.org	WARN	Loading extension 'screenshots@mozilla.org': Reading manifest: Invalid extension permission: about:reader*
1564628839063	Marionette	INFO	Listening on port 51305
1564628839101	Marionette	WARN	TLS certificate errors will be ignored for this session
JavaScript error: https://g.alicdn.com/??nextbox/ace-homepage-footer-list/0.0.36/index.js,nextbox/ace-homepage-footer-list/0.0.36/services.js,nextbox/ace-common-search/0.0.60/index.js,nextbox/ace-common-search/0.0.60/services.js, line 1: TypeError: d is undefined
JavaScript error: https://account.aliyun.com/login/login.htm?oauth_callback=https%3A%2F%2Fcloudmonitor.console.aliyun.com%2F, line 126: TypeError: window.$ACE_PARSER is undefined
WebGL(0000000013AE0000)::ForceLoseContext
WebGL(0000000018622000)::ForceLoseContext
WebGL(00000000185D6000)::ForceLoseContext
WebGL(00000000185E0800)::ForceLoseContext
WebGL(00000000188AC800)::ForceLoseContext
WebGL(000000001C768000)::ForceLoseContext
WebGL(000000001F67E800)::ForceLoseContext
WebGL(000000000CA29800)::ForceLoseContext
WebGL(000000000CAC3800)::ForceLoseContext
WebGL(0000000018625000)::ForceLoseContext
WebGL(000000001889F800)::ForceLoseContext
console.error: BroadcastService: 
  receivedBroadcastMessage: handler for
  remote-settings/monitor_changes
  threw error:
  Message: Error: Polling for changes failed: http://%(server)s/dummy/blocklist//buckets/monitor/collections/changes/records?_expected=%221564617613350%22 is not a valid URL..
  Stack:
    remoteSettingsFunction/remoteSettings.pollChanges@resource://services-settings/remote-settings.js:201:13

1564629162211	mozrunner::runner	INFO	Running command: "E:\\Program Files (x86)\\Mozilla Firefox\\firefox.exe" "-marionette" "-foreground" "-no-remote" "-profile" "C:\\Users\\zb\\AppData\\Local\\Temp\\rust_mozprofile.xPd4k1JnMpBM"
1564629166198	addons.webextension.screenshots@mozilla.org	WARN	Loading extension 'screenshots@mozilla.org': Reading manifest: Invalid extension permission: mozillaAddons
1564629166199	addons.webextension.screenshots@mozilla.org	WARN	Loading extension 'screenshots@mozilla.org': Reading manifest: Invalid extension permission: telemetry
1564629166199	addons.webextension.screenshots@mozilla.org	WARN	Loading extension 'screenshots@mozilla.org': Reading manifest: Invalid extension permission: resource://pdf.js/
1564629166199	addons.webextension.screenshots@mozilla.org	WARN	Loading extension 'screenshots@mozilla.org': Reading manifest: Invalid extension permission: about:reader*
1564629168169	Marionette	INFO	Listening on port 51469
1564629168226	Marionette	WARN	TLS certificate errors will be ignored for this session
JavaScript error: https://g.alicdn.com/??nextbox/ace-homepage-footer-list/0.0.36/index.js,nextbox/ace-homepage-footer-list/0.0.36/services.js,nextbox/ace-common-search/0.0.60/index.js,nextbox/ace-common-search/0.0.60/services.js, line 1: TypeError: d is undefined
JavaScript error: https://account.aliyun.com/login/login.htm?oauth_callback=https%3A%2F%2Fcloudmonitor.console.aliyun.com%2F, line 126: TypeError: window.$ACE_PARSER is undefined
WebGL(000000001286B000)::ForceLoseContext
WebGL(000000001506F000)::ForceLoseContext
WebGL(000000001BA11000)::ForceLoseContext
WebGL(000000001BABC800)::ForceLoseContext
WebGL(000000001C006800)::ForceLoseContext
WebGL(000000001F5E2800)::ForceLoseContext
WebGL(000000001F5E5000)::ForceLoseContext
WebGL(000000000CB28800)::ForceLoseContext
WebGL(0000000011A5E000)::ForceLoseContext
WebGL(0000000015BDE800)::ForceLoseContext
WebGL(000000001BA13000)::ForceLoseContext
WebGL(0000000012631000)::ForceLoseContext
WebGL(000000001BAD4800)::ForceLoseContext
WebGL(000000001D29A000)::ForceLoseContext
WebGL(000000001F3BF800)::ForceLoseContext
1564629214683	Marionette	INFO	Stopped listening on port 51469
[Child 12228, Chrome_ChildThread] WARNING: pipe error: 109: file z:/task_1563383129/build/src/ipc/chromium/src/chrome/common/ipc_channel_win.cc, line 341
[Child 12228, Chrome_Ch[Parent 11740, Gecko_IOThread] WARNING: pipe error: 109: file z:/task_1563383129/build/src/ipc/chromium/src/chrome/common/ipc_channel_win.cc, line 341
[Child 11376, Chrome_ChildThread] WARNING: pipe error: 109: file z:/task_1563383129/build/src/ipc/chromium/src/chrome/common/ipc_channel_win.cc, line 341
[Child 11376, Chrome_ChildThread] WARNING: pipe error: 109: file z:/task_1563383129/build/src/ipc/chromi[[GPU 12064, Chrome_ChildTh
###!!! [Child][RunMessage] Error: Channel closing: too late to send/recv, messages will be lost

1565665352172	mozrunner::runner	INFO	Running command: "E:\\Program Files (x86)\\Mozilla Firefox\\firefox.exe" "-marionette" "-foreground" "-no-remote" "-profile" "C:\\Users\\zb\\AppData\\Local\\Temp\\rust_mozprofile.Do2Q6m8sZCmb"
1565665353987	addons.webextension.screenshots@mozilla.org	WARN	Loading extension 'screenshots@mozilla.org': Reading manifest: Invalid extension permission: mozillaAddons
1565665353988	addons.webextension.screenshots@mozilla.org	WARN	Loading extension 'screenshots@mozilla.org': Reading manifest: Invalid extension permission: telemetry
1565665353988	addons.webextension.screenshots@mozilla.org	WARN	Loading extension 'screenshots@mozilla.org': Reading manifest: Invalid extension permission: resource://pdf.js/
1565665353988	addons.webextension.screenshots@mozilla.org	WARN	Loading extension 'screenshots@mozilla.org': Reading manifest: Invalid extension permission: about:reader*
[Child 4608, Chrome_ChildThread] WARNING: pipe error: 109: file z:/task_1563383129/build/src/ipc/chromium/src/chrome/common/ipc_channel_win.cc, line 341
[Child 1565665355776	Marionette	INFO	Listening on port 53136
1565665356070	Marionette	WARN	TLS certificate errors will be ignored for this session
WebGL(0000000011A7E800)::ForceLoseContext
WebGL(00000000151D8000)::ForceLoseContext
JavaScript error: https://g.alicdn.com/??nextbox/ace-homepage-footer-list/0.0.36/index.js,nextbox/ace-homepage-footer-list/0.0.36/services.js,nextbox/ace-common-search/0.0.60/index.js,nextbox/ace-common-search/0.0.60/services.js, line 1: TypeError: d is undefined
JavaScript error: https://account.aliyun.com/login/login.htm?oauth_callback=https%3A%2F%2Fcloudmonitor.console.aliyun.com%2F, line 126: TypeError: window.$ACE_PARSER is undefined
WebGL(00000000167A8800)::ForceLoseContext
WebGL(00000000199B4000)::ForceLoseContext
WebGL(000000001A61A000)::ForceLoseContext
WebGL(000000000C42C000)::ForceLoseContext
WebGL(000000000C42E800)::ForceLoseContext
WebGL(000000000C421800)::ForceLoseContext
WebGL(0000000012632000)::ForceLoseContext
WebGL(0000000012690000)::ForceLoseContext
WebGL(00000000157C0800)::ForceLoseContext
console.error: BroadcastService: 
  receivedBroadcastMessage: handler for
  remote-settings/monitor_changes
  threw error:
  Message: Error: Polling for changes failed: http://%(server)s/dummy/blocklist//buckets/monitor/collections/changes/records?_expected=%221565654482633%22 is not a valid URL..
  Stack:
    remoteSettingsFunction/remoteSettings.pollChanges@resource://services-settings/remote-settings.js:201:13

WebGL(000000001A616000)::ForceLoseContext
WebGL(000000001A628000)::ForceLoseContext
[Parent 7736, Gecko_IOThread] WARNING: pipe error: 109: file z:/task_1563383129/build/src/ipc/chromium/src/chrome/common/ipc_channel_win.cc, line 341
WebGL(000000003516B000)::ForceLoseContext
WebGL(00000000375CA800)::ForceLoseContext
1565665406822	Marionette	INFO	Stopped listening on port 53136
[Parent 7736, Gecko_IOThread] WARNING: pipe error: 109: file z:/task_1563383129/build/src/ipc/chromium/src/chrome/common/ipc_channel_win.cc, line 341
[Child 8664, Chrome_ChildThread] WARNING: pipe error: 109: file z:/task_1563383129/build/src/ipc/chromium/src/chrome/common/ipc_channel_win.cc, line 341
[Child 8664, Chrome_ChildThread] WARNING: pipe error: 109: file z:/task_1563383129/build/src/ipc/chromium/src/chrome/common/ipc_channel_win.cc, line 341
[Child 8964, Chrome_ChildThread] WARNING: pipe error: 109: file z:/task_1563383129/build/src/ipc/chromium/src/chrome/common/ipc_channel_win.cc, line 341

###!!! [Child][RunMessage] Error: Channel closing: too late to send/recv, messages will be lost

[GPU 960
###!!! [Child][MessageChannel::SendAndWait] Error: Channel error: cannot send/recv

1571709941694	mozrunner::runner	INFO	Running command: "E:\\Program Files\\Mozilla Firefox\\firefox.exe" "-marionette" "-foreground" "-no-remote" "-profile" "C:\\Users\\zb\\AppData\\Local\\Temp\\rust_mozprofile.B359g2EbwlYu"
1571709943182	addons.webextension.screenshots@mozilla.org	WARN	Loading extension 'screenshots@mozilla.org': Reading manifest: Invalid extension permission: mozillaAddons
1571709943183	addons.webextension.screenshots@mozilla.org	WARN	Loading extension 'screenshots@mozilla.org': Reading manifest: Invalid extension permission: telemetry
1571709943183	addons.webextension.screenshots@mozilla.org	WARN	Loading extension 'screenshots@mozilla.org': Reading manifest: Invalid extension permission: resource://pdf.js/
1571709943183	addons.webextension.screenshots@mozilla.org	WARN	Loading extension 'screenshots@mozilla.org': Reading manifest: Invalid extension permission: about:reader*
JavaScript error: resource://gre/modules/XULStore.jsm, line 66: Error: Can't find profile directory.
1571709948089	Marionette	INFO	Listening on port 54576
1571709948461	Marionette	WARN	TLS certificate errors will be ignored for this session
WebGL(0000000012EE7800)::ForceLoseContext
WebGL(000000001434F800)::ForceLoseContext
WebGL(0000000009E46000)::ForceLoseContext
WebGL(000000001B52C800)::ForceLoseContext
WebGL(0000000002678000)::ForceLoseContext
WebGL(0000000017CCE800)::ForceLoseContext
WebGL(000000001C720000)::ForceLoseContext
WebGL(000000001B534000)::ForceLoseContext
[Parent 6696, Gecko_IOThread] WARNING: pipe error: 109: file z:/task_1570640083/build/src/ipc/chromium/src/chrome/common/ipc_channel_win.cc, line 341
[Parent 6696, Gecko_IOThread] WARNING: pipe error: 109: file z:/task_1570640083/build/src/ipc/chromium/src/chrome/common/ipc_channel_win.cc, line 341
[Child 2624, Chrome_ChildThread] WARNING: pipe error: 109: file z:/task_1570640083/build/src/ipc/chromium/src/chrome/common/ipc_channel_win.cc, line 341
[Child 262[Child 8020, Chrome_ChildThread] WARNING: pipe error: 109: file z:/task_1570640083/build/src/ipc/chromium/src/chrome/common/ipc_channel_win.cc, line 341
[Child 8020, Chrome_ChildThread] WARNING: pipe error: 109: file z:/task_1570640083/build/src/ipc/chromium/src/chrome/common/ipc_channel_win.cc, line 341
[Parent 6696, Gecko_IOThread] WARNING: pipe error: 109: file z:/task_1570640083/build/src/ipc/chromium/src/chrome/common/ipc_channel_win.cc, line 341
[Child 7608, Chrome_ChildThread] WARNING: pipe error: 109: file z:/task_1570640083/build/src/ipc/chromium/src/chrome/common/ipc_channel_win.cc, line 341
[Child 7608, Chrome_ChildThread] WARNING: pipe error1571710000331	Marionette	INFO	Stopped listening on port 54576
[GPU 564JavaScript error: resource://gre/modules/osfile/osfile_async_front.jsm, line 446: Error: OS.File has been shut down. Rejecting request to DirectoryIterator_prototype_close
JavaScript error: resource://gre/modules/osfile/osfile_async_front.jsm, line 446: Error: OS.File has been shut down. Rejecting request to stat

###!!! [Child][MessageChannel::SendAndWait] Error: Channel error: cannot send/recv

1571710975068	mozrunner::runner	INFO	Running command: "E:\\Program Files\\Mozilla Firefox\\firefox.exe" "-marionette" "-foreground" "-no-remote" "-profile" "C:\\Users\\zb\\AppData\\Local\\Temp\\rust_mozprofile.3hMfyzhAGDgc"
1571710975664	addons.webextension.screenshots@mozilla.org	WARN	Loading extension 'screenshots@mozilla.org': Reading manifest: Invalid extension permission: mozillaAddons
1571710975664	addons.webextension.screenshots@mozilla.org	WARN	Loading extension 'screenshots@mozilla.org': Reading manifest: Invalid extension permission: telemetry
1571710975664	addons.webextension.screenshots@mozilla.org	WARN	Loading extension 'screenshots@mozilla.org': Reading manifest: Invalid extension permission: resource://pdf.js/
1571710975664	addons.webextension.screenshots@mozilla.org	WARN	Loading extension 'screenshots@mozilla.org': Reading manifest: Invalid extension permission: about:reader*
JavaScript error: resource://gre/modules/XULStore.jsm, line 66: Error: Can't find profile directory.
1571710977805	Marionette	INFO	Listening on port 60725
1571710978290	Marionette	WARN	TLS certificate errors will be ignored for this session
WebGL(000000000EB18800)::ForceLoseContext
WebGL(0000000012DB7800)::ForceLoseContext
WebGL(000000001C406000)::ForceLoseContext
WebGL(000000001C415800)::ForceLoseContext
WebGL(000000001D302800)::ForceLoseContext
WebGL(000000001D315800)::ForceLoseContext
WebGL(000000001C41D000)::ForceLoseContext
WebGL(0000000002766000)::ForceLoseContext
[Parent 3556, Gecko_IOThread] WARNING: pipe error: 109: file z:/task_1570640083/build/src/ipc/chromium/src/chrome/common/ipc_channel_win.cc, line 341
[Child 8028, Chrome_ChildThread] WARNING: pipe error: 109: file z:/task_1570640083/build/src/ipc/chromium/src/chrome/common/ipc_channel_win.cc, line 341
JavaScript error: https://g.alicdn.com/aliyun/account/1.5.4/js/jQuery1.9.0.js?v=579226, line 3: NS_ERROR_NOT_INITIALIZED: 
JavaScript error: https://account.aliyun.com/login/mini_qr_login.htm?oauth_callback=https%3A%2F%2Fcloudmonitor.console.aliyun.com%2F, line 96: NS_ERROR_UNEXPECTED: 
[Child 6716, Chrome_ChildThread] WARNING: pipe error: 109: file z:/task_1570640083/build/src/ipc/chromium/src/chrome/common/ipc_channel_win.cc, line 341
[Child 6716, Chrome_ChildThread] WARNI[Parent 3556, Gecko_IOThread] WARNING: pipe error: 109: file z:/task_1570640083/build/src/ipc/chromium/src/chrome/common/ipc_channel_win.cc, line 341
[Child 1876, Chrome_ChildThread] WARNING: pipe error: 109: file z:/task_1570640083/build/src/ipc/chromium/src/chrome/common/ipc_channel_win.cc, line 341
[Child 1876, Chrome1571711009008	Marionette	INFO	Stopped listening on port 60725

###!!! [Child][RunMessage] Error: Channel closing: too late to send/recv, messages will be lost

[GPU 6808, Chro1571711014119	mozrunner::runner	INFO	Running command: "E:\\Program Files\\Mozilla Firefox\\firefox.exe" "-marionette" "-foreground" "-no-remote" "-profile" "C:\\Users\\zb\\AppData\\Local\\Temp\\rust_mozprofile.UqX6t8kyEs5I"
1571711014633	addons.webextension.screenshots@mozilla.org	WARN	Loading extension 'screenshots@mozilla.org': Reading manifest: Invalid extension permission: mozillaAddons
1571711014633	addons.webextension.screenshots@mozilla.org	WARN	Loading extension 'screenshots@mozilla.org': Reading manifest: Invalid extension permission: telemetry
1571711014634	addons.webextension.screenshots@mozilla.org	WARN	Loading extension 'screenshots@mozilla.org': Reading manifest: Invalid extension permission: resource://pdf.js/
1571711014634	addons.webextension.screenshots@mozilla.org	WARN	Loading extension 'screenshots@mozilla.org': Reading manifest: Invalid extension permission: about:reader*
JavaScript error: resource://gre/modules/XULStore.jsm, line 66: Error: Can't find profile directory.
1571711016854	Marionette	INFO	Listening on port 60832
1571711017324	Marionette	WARN	TLS certificate errors will be ignored for this session
JavaScript error: https://g.alicdn.com/??nextbox/ace-homepage-footer-list/0.0.61/index.js,nextbox/ace-homepage-footer-list/0.0.61/services.js, line 1: TypeError: u is undefined
JavaScript error: https://account.aliyun.com/login/login.htm?oauth_callback=https%3A%2F%2Fcloudmonitor.console.aliyun.com%2F, line 126: TypeError: window.$ACE_BLOCK_RENDER is undefined
WebGL(0000000012AFA800)::ForceLoseContext
WebGL(0000000016889800)::ForceLoseContext
WebGL(0000000019444000)::ForceLoseContext
WebGL(000000001987E000)::ForceLoseContext
WebGL(0000000019202800)::ForceLoseContext
1571711030702	Marionette	WARN	TimedPromise timed out after 500 ms: stacktrace:
bail@chrome://marionette/content/sync.js:237:64
WebGL(0000000019437000)::ForceLoseContext
WebGL(0000000019439800)::ForceLoseContext
WebGL(0000000011F97800)::ForceLoseContext
WebGL(0000000012A6C800)::ForceLoseContext
WebGL(0000000012F60800)::ForceLoseContext
WebGL(0000000016886000)::ForceLoseContext
[Parent 2844, Gecko_IOThread] WARNING: pipe error: 109: file z:/task_1570640083/build/src/ipc/chromium/src/chrome/common/ipc_channel_win.cc, line 341
WebGL(000000001688D000)::ForceLoseContext
WebGL(0000000019883000)::ForceLoseContext
WebGL(0000000034489800)::ForceLoseContext
WebGL(0000000034495800)::ForceLoseContext
1571711075725	Marionette	INFO	Stopped listening on port 60832
[Child 7492, Chrome_ChildThread] WARNING: pipe error: 109: file z:/task_1570640083/build/src/ipc/chromium/src/chrome/common/ipc_channel_win.cc, line 341
[Child 7492, Chrome[Parent 2844, Gecko_IOThread] WARNING: pipe error: 109: file z:/task_1570640083/build/src/ipc/chromium/src/chrome/common/ipc_channel_win.cc, line 341
[Child 3500, Chrome_ChildThread] WARNING: pipe error: 109: file z:/task_1570640083/build/src/ipc/chromium/src/chrome/common/ipc_channel_win.cc, line 341
[Child 3500, Chrome_ChildThread] WARNING: pip[GPU 876,
###!!! [Child][MessageChannel::SendAndWait] Error: Channel error: cannot send/recv

