1539941952726	mozrunner::runner	INFO	Running command: "e:\\Program Files (x86)\\Mozilla Firefox\\firefox.exe" "-marionette" "-foreground" "-no-remote" "-profile" "C:\\Users\\zb\\AppData\\Local\\Temp\\rust_mozprofile.qqN5GVzmNDs7"
1539941965544	Marionette	INFO	Listening on port 51782
1539941966032	Marionette	WARN	TLS certificate errors will be ignored for this session
1539941971354	Marionette	DEBUG	[4294967297] Frame script loaded
1539941971362	Marionette	DEBUG	[4294967297] Frame script registered
1539941971539	Marionette	DEBUG	[4294967297] Received DOM event beforeunload for about:blank
1539941971602	Marionette	DEBUG	[4294967297] Received DOM event pagehide for about:blank
1539941971921	Marionette	DEBUG	[4294967297] Received DOM event DOMContentLoaded for http://learn2018.tsinghua.edu.cn/
1539941972034	Marionette	DEBUG	[4294967297] Received DOM event pageshow for http://learn2018.tsinghua.edu.cn/
1539942027940	addons.webextension.<unknown>	WARN	Loading extension 'null': Reading manifest: Error processing permissions.8: Value "debugger" must either: must either [must either [be one of ["clipboardRead", "clipboardWrite", "geolocation", "idle", "notifications"], be one of ["browserSettings"], be one of ["cookies"], be one of ["downloads", "downloads.open"], be one of ["topSites"], be one of ["webNavigation"], be one of ["webRequest", "webRequestBlocking"], be one of ["bookmarks"], be one of ["history"], be one of ["find"], or be one of ["activeTab", "tabs", "tabHide"]], be one of ["alarms", "mozillaAddons", "storage", "unlimitedStorage"], be one of ["identity"], be one of ["contextualIdentities"], be one of ["dns"], be one of ["management"], be one of ["privacy"], be one of ["proxy"], be one of ["nativeMessaging"], be one of ["theme"], match the pattern /^experiments(\.\w+)+$/, be one of ["browsingData"], be one of ["devtools"], be one of ["geckoProfiler"], be one of ["menus", "contextMenus"], be one of ["sessions"], or be one of ["pkcs11"]], or must either [be one of ["<all_urls>"], must either [match the pattern /^(https?|wss?|file|ftp|\*):\/\/(\*|\*\.[^*/]+|[^*/]+)\/.*$/, or match the pattern /^file:\/\/\/.*$/], or match the pattern /^resource:\/\/(\*|\*\.[^*/]+|[^*/]+)\/.*$|^about:/]
1539942027942	addons.webextension.<unknown>	WARN	Loading extension 'null': Reading manifest: Error processing version_name: An unexpected property was found in the WebExtension manifest.
1539942027942	addons.webextension.<unknown>	WARN	Loading extension 'null': Reading manifest: Error processing externally_connectable: An unexpected property was found in the WebExtension manifest.
1539942030074	addons.webextension.{a6fd85ed-e919-4a43-a5af-8da18bda539f}	WARN	Loading extension '{a6fd85ed-e919-4a43-a5af-8da18bda539f}': Reading manifest: Error processing permissions.8: Value "debugger" must either: must either [must either [be one of ["clipboardRead", "clipboardWrite", "geolocation", "idle", "notifications"], be one of ["browserSettings"], be one of ["cookies"], be one of ["downloads", "downloads.open"], be one of ["topSites"], be one of ["webNavigation"], be one of ["webRequest", "webRequestBlocking"], be one of ["bookmarks"], be one of ["history"], be one of ["find"], or be one of ["activeTab", "tabs", "tabHide"]], be one of ["alarms", "mozillaAddons", "storage", "unlimitedStorage"], be one of ["identity"], be one of ["contextualIdentities"], be one of ["dns"], be one of ["management"], be one of ["privacy"], be one of ["proxy"], be one of ["nativeMessaging"], be one of ["theme"], match the pattern /^experiments(\.\w+)+$/, be one of ["browsingData"], be one of ["devtools"], be one of ["geckoProfiler"], be one of ["menus", "contextMenus"], be one of ["sessions"], or be one of ["pkcs11"]], or must either [be one of ["<all_urls>"], must either [match the pattern /^(https?|wss?|file|ftp|\*):\/\/(\*|\*\.[^*/]+|[^*/]+)\/.*$/, or match the pattern /^file:\/\/\/.*$/], or match the pattern /^resource:\/\/(\*|\*\.[^*/]+|[^*/]+)\/.*$|^about:/]
1539942030075	addons.webextension.{a6fd85ed-e919-4a43-a5af-8da18bda539f}	WARN	Loading extension '{a6fd85ed-e919-4a43-a5af-8da18bda539f}': Reading manifest: Error processing version_name: An unexpected property was found in the WebExtension manifest.
1539942030075	addons.webextension.{a6fd85ed-e919-4a43-a5af-8da18bda539f}	WARN	Loading extension '{a6fd85ed-e919-4a43-a5af-8da18bda539f}': Reading manifest: Error processing externally_connectable: An unexpected property was found in the WebExtension manifest.
1539942030116	addons.xpi	WARN	Failed to remove temporary file C:\Users\zb\AppData\Local\Temp\tmp-ggi.xpi for addon https://addons.mozilla.org/firefox/downloads/file/1109772/selenium_ide-3.4.4-fx.xpi?src=dp-btn-primary: [Exception... "Component returned failure code: 0x80520015 (NS_ERROR_FILE_ACCESS_DENIED) [nsIFile.remove]"  nsresult: "0x80520015 (NS_ERROR_FILE_ACCESS_DENIED)"  location: "JS frame :: resource://gre/modules/addons/XPIInstall.jsm :: removeTemporaryFile :: line 1502"  data: no] Stack trace: removeTemporaryFile()@resource://gre/modules/addons/XPIInstall.jsm:1502
startInstall/<()@resource://gre/modules/addons/XPIInstall.jsm:1798
JavaScript error: chrome://browser/content/parent/ext-windows.js, line 16: NS_ERROR_NOT_INITIALIZED: 
[Child 6716, Chrome_ChildThread] WARNING: pipe error: 109: file z:/build/build/src/ipc/chromium/src/chrome/common/ipc_channel_win.cc, line 346
[Child 6716, Chrome_ChildThread] WARNING: pipe error: 109: file z:/build/build/src/ipc/chromium/src/chrome/common/ipc_channel_win.cc, line 346
1539942102297	addons.xpi	WARN	Failed to remove temporary file C:\Users\zb\AppData\Local\Temp\tmp-p0g.xpi for addon https://addons.mozilla.org/firefox/downloads/file/773845/web_developer-2.0.1-an+fx.xpi?src=dp-btn-primary: [Exception... "Component returned failure code: 0x80520015 (NS_ERROR_FILE_ACCESS_DENIED) [nsIFile.remove]"  nsresult: "0x80520015 (NS_ERROR_FILE_ACCESS_DENIED)"  location: "JS frame :: resource://gre/modules/addons/XPIInstall.jsm :: removeTemporaryFile :: line 1502"  data: no] Stack trace: removeTemporaryFile()@resource://gre/modules/addons/XPIInstall.jsm:1502
startInstall/<()@resource://gre/modules/addons/XPIInstall.jsm:1798
[Child 7180, Chrome_ChildThread] WARNING: pipe error: 109: file z:/build/build/src/ipc/chromium/src/chrome/common/ipc_channel_win.cc, line 346
[Child 7180, Chrome_ChildThread] WARNING: pipe error: 109: file z:/build/build/src/ipc/chromium/src/chrome/common/ipc_channel_win.cc, line 346
[Parent 9088, Gecko_IOThread] WARNING: pipe error: 109: file z:/build/build/src/ipc/chromium/src/chrome/common/ipc_channel_win.cc, line 346
[Child 4312, Chrome_ChildThread] WARNING: pipe error: 109: file z:/build/build/src/ipc/chromium/src/chrome/common/ipc_channel_win.cc, line 346
[Child 4312, Chrome_ChildThread] WARNING: pipe error: 109: file z:/build/build/src/ipc/chromium/src/chrome/common/ipc_channel_win.cc, line 346
[Child 9184, Chrome_ChildThread] WARNING: pipe error: 109: file z:/build/build/src/ipc/chromium/src/chrome/common/ipc_channel_win.cc, line 346
[Child 9184, Chrome_ChildThread] WARNING: pipe error: 109: file z:/build/build/src/ipc/chromium/src/chrome/common/ipc_channel_win.cc, line 346
[Child 8216, Chrome_ChildThread] WARNING: pipe error: 109: file z:/build/build/src/ipc/chromium/src/chrome/common/ipc_channel_win.cc, line 346
[Child 8216, Chrome_ChildThread] WARNING: pipe error: 109: file z:/build/build/src/ipc/chromium/src/chrome/common/ipc_channel_win.cc, line 346
1539942120787	Marionette	INFO	Stopped listening on port 51782
[GPU 9020, Chrome_ChildThread] WARNING: pipe error: 109: file z:/build/build/src/ipc/chromium/src/chrome/common/ipc_channel_win.cc, line 346
1554716243245	mozrunner::runner	INFO	Running command: "e:\\Program Files (x86)\\Mozilla Firefox\\firefox.exe" "-marionette" "-foreground" "-no-remote" "-profile" "C:\\Users\\zb\\AppData\\Local\\Temp\\rust_mozprofile.u8QSlFZY8Yd3"
1554716244111	addons.webextension.screenshots@mozilla.org	WARN	Loading extension 'screenshots@mozilla.org': Reading manifest: Invalid extension permission: mozillaAddons
1554716244112	addons.webextension.screenshots@mozilla.org	WARN	Loading extension 'screenshots@mozilla.org': Reading manifest: Invalid extension permission: resource://pdf.js/
1554716244112	addons.webextension.screenshots@mozilla.org	WARN	Loading extension 'screenshots@mozilla.org': Reading manifest: Invalid extension permission: about:reader*
1554716247659	Marionette	INFO	Listening on port 55625
1554716247693	Marionette	WARN	TLS certificate errors will be ignored for this session
[Parent 5224, Gecko_IOThread] WARNING: pipe error: 109: file z:/build/build/src/ipc/chromium/src/chrome/common/ipc_channel_win.cc, line 332
[Child 6616, Chrome_ChildThread] WARNING: pipe error: 109: file z:/build/build/src/ipc/chromium/src/chrome/common/ipc_channel_win.cc, line 332
[Child 6616, Chrome_Ch[Child 3512, Chrome_ChildThread] WARNING: pipe error: 109: file z:/build/build/src/ipc/chromium/src/chrome/common/ipc_channel_win.cc, line 332
[Child 3512, Chrome_ChildThread] WARNING: pipe error: 109: file z:/build/build/src/ipc/chromium/src/chrome/common/ipc_channel_win.cc, line 332
[Parent 5224, Gecko_IOThread] WARNING: pipe error: 109: file z:/build/build/src/ipc/chromium/src/chrome/common/ipc_channel_win.cc, line 332
[Child 1356, Chrome_ChildThread] WARNING: pipe error: 109: file z:/build/build/src/ipc/chromium/src/chrome/common/ipc_channel_win.cc, line 332
[Child 1356, Chrome_ChildThread] WARNING: pipe error:1554716343978	Marionette	INFO	Stopped listening on port 55625
[GPU 6268, Chro1554717527562	mozrunner::runner	INFO	Running command: "e:\\Program Files (x86)\\Mozilla Firefox\\firefox.exe" "-marionette" "-foreground" "-no-remote" "-profile" "C:\\Users\\zb\\AppData\\Local\\Temp\\rust_mozprofile.70PeJPihYWvu"
1554717528053	addons.webextension.screenshots@mozilla.org	WARN	Loading extension 'screenshots@mozilla.org': Reading manifest: Invalid extension permission: mozillaAddons
1554717528053	addons.webextension.screenshots@mozilla.org	WARN	Loading extension 'screenshots@mozilla.org': Reading manifest: Invalid extension permission: resource://pdf.js/
1554717528053	addons.webextension.screenshots@mozilla.org	WARN	Loading extension 'screenshots@mozilla.org': Reading manifest: Invalid extension permission: about:reader*
1554717530186	Marionette	INFO	Listening on port 57350
1554717530300	Marionette	WARN	TLS certificate errors will be ignored for this session
[Parent 5464, Gecko_IOThread] WARNING: pipe error: 109: file z:/build/build/src/ipc/chromium/src/chrome/common/ipc_channel_win.cc, line 332
[Parent 5464, Gecko_IOThread] WARNING: pipe error: 109: file z:/build/build/src/ipc/chromium/src/chrome/common/ipc_channel_win.cc, line 332
[Child 3332, Chrome_ChildThread] WARNING: pipe error: 109: file z:/build/build/src/ipc/chromium/src/chrome/common/ipc_channel_win.cc, line 332
[Child 268, Chrome_ChildThread] WARNING: pipe error: 109: file z:/build/build/src/ipc/chromium/src/chrome/common/ipc_channel_win.cc, line 332
[Child 268, Chrome_ChildThread] WARNING: pipe error: 109: file z:/build/build/src/ipc/chromium/src/chrome/common/ipc_channel_win.cc, line 332
[Parent 5464, Gecko_IOThread] WARNING: file z:/build/build/src/ipc/chromium/src/base/process_util_win.cc, line 166
[Parent 5464, Gecko_IOThread] WARNING: pipe error: 109: file z:/build/build/src/ipc/chromium/src/chrome/common/ipc_channel_win.cc, line 332
[Child 9508, Chrome_ChildThread] WARNING: pipe error: 109: file z:/build/build/src/ipc/chromium/src/chrome/common/ipc_channel_win.cc, line 332
[Child 9508, Chrome_Ch1554717584501	Marionette	INFO	Stopped listening on port 57350

###!!! [Child][RunMessage] Error: Channel closing: too late to send/recv, messages will be lost

[GPU 9588, C
###!!! [Child][MessageChannel::SendAndWait] Error: Channel error: cannot send/recv

